<?xml version="1.0" encoding="UTF-8"?>
<!-- Generated by org.testng.reporters.JUnitReportReporter -->
<testsuite hostname="vasu" failures="0" tests="1" name="runner.cucumberwh" time="17.778" errors="0" timestamp="2025-05-10T12:41:06 IST" skipped="0">
  <testcase classname="runner.cucumberwh" name="runScenario" time="17.778"/>
  <system-out/>
</testsuite> <!-- runner.cucumberwh -->
